<?xml version="1.0" encoding="UTF-8"?>
<testsuite xmlns:xsi="http://www.w3.org/2001/XMLSchema-instance" xsi:schemaLocation="https://maven.apache.org/surefire/maven-surefire-plugin/xsd/surefire-test-report.xsd" name="com.macys.marketing.loyalty.LtyIntegrationTest.runner.TestRunnerTest" time="8.93" tests="5" errors="2" skipped="0" failures="0">
  <properties>
[...]
</properties>
  <testcase name="Then I wait for 4000 millis" classname="Scenario: Passes scenario which has time wait.." time="0"/>
  <testcase name="Then I wait for 4000 millis" classname="Scenario: Passes scenario which has time wait.." time="0"/>
  <testcase name="Scenario: Passes scenario which has time wait.." classname="Scenario: Passes scenario which has time wait.." time="0"/>
  <testcase name="Then I LookUp Offer" classname="Scenario: Failed scenario which LookUps.." time="0">
    <error type="java.lang.NullPointerException">java.lang.NullPointerException
</error>
    <system-out><![CDATA[
  Scenario: Passes scenario which has time wait.. &amp#27;[90m# features/LtyLookUp/LoyaltyLookUpScenarios.feature:5&amp#27;[0m
    &amp#27;[32mThen &amp#27;[0m&amp#27;[32mI wait for &amp#27;[0m&amp#27;[32m&amp#27;[1m4000&amp#27;[0m&amp#27;[32m millis&amp#27;[0m                   &amp#27;[90m# LtyLookUpSteps.i_wait_some_time(int)&amp#27;[0m
    &amp#27;[32mThen &amp#27;[0m&amp#27;[32mI wait for &amp#27;[0m&amp#27;[32m&amp#27;[1m4000&amp#27;[0m&amp#27;[32m millis&amp#27;[0m                   &amp#27;[90m# LtyLookUpSteps.i_wait_some_time(int)&amp#27;[0m
TR=2018-04-16 16:50:57,383|INFO|com.macys.marketing.loyalty.LtyIntegrationTest.steps.ltyLookUp.LtyLookUpSteps|Start of Offer LookUp
TR=2018-04-16 16:50:57,383|INFO|com.macys.marketing.loyalty.LtyIntegrationTest.wrapper.LtyLookUpWrapper|Start of method :: lookupOfferInfo
TR=2018-04-16 16:50:57,430|INFO|com.macys.marketing.loyalty.LtyIntegrationTest.Client.impl.RestAssuredClientImpl|*********invokeService is starting*********
TR=2018-04-16 16:50:57,430|INFO|com.macys.marketing.loyalty.LtyIntegrationTest.Client.impl.RestAssuredClientImpl|Final uri:::::: 
TR=2018-04-16 16:50:57,430|INFO|com.macys.marketing.loyalty.LtyIntegrationTest.Client.impl.RestAssuredClientImpl|**********Request file name********** Request_LTYLookUP_Scenario1.xml
TR=2018-04-16 16:50:57,430|INFO|com.macys.marketing.loyalty.LtyIntegrationTest.Client.impl.RestAssuredClientImpl|*********getRequestBody starting**************
TR=2018-04-16 16:50:57,450|INFO|com.macys.marketing.loyalty.LtyIntegrationTest.Client.impl.RestAssuredClientImpl|*********getRequestBody ending**************
TR=2018-04-16 16:50:57,450|INFO|com.macys.marketing.loyalty.LtyIntegrationTest.Client.impl.RestAssuredClientImpl|**********updateDynamicRequestBody starting**********
]]></system-out>
  </testcase>
  <testcase name="Scenario: Failed scenario which LookUps.." classname="Scenario: Failed scenario which LookUps.." time="0">
    <error type="java.lang.NullPointerException">java.lang.NullPointerException
</error>
  </testcase>
</testsuite>